This is XeTeX, Version 3.141592653-2.6-0.999995 (TeX Live 2023) (preloaded format=xelatex 2023.10.13)  14 DEC 2023 17:44
entering extended mode
 restricted \write18 enabled.
 file:line:error style messages enabled.
 %&-line parsing enabled.
**generic-color-brief
(./generic-color-brief.tex
LaTeX2e <2022-11-01> patch level 1
L3 programming layer <2023-02-22> (./ieeecolor.cls

LaTeX Warning: You have requested document class `ieeecolor',
               but the document class provides `IEEEtran'.

Document Class: IEEEtran 2002/11/18 revision V1.6b by Michael Shell
-- See the "IEEEtran_HOWTO" manual for usage information.
-- The source comments contain changelog notes.
(d:/texlive/2023/texmf-dist/tex/latex/graphics/color.sty
Package: color 2022/01/06 v1.3d Standard LaTeX Color (DPC)
 (d:/texlive/2023/texmf-dist/tex/latex/graphics-cfg/color.cfg
File: color.cfg 2016/01/02 v1.6 sample color configuration
)
Package color Info: Driver file: xetex.def on input line 149.
 (d:/texlive/2023/texmf-dist/tex/latex/graphics-def/xetex.def
File: xetex.def 2022/09/22 v5.0n Graphics/color driver for xetex
) (d:/texlive/2023/texmf-dist/tex/latex/graphics/mathcolor.ltx))
\@draftversionrule=\dimen140
\@IEEEtrantmpdimenA=\dimen141
\@IEEEtrantmpdimenB=\dimen142
\@IEEEtrantmpcountA=\count181
\@IEEEtrantmpcountB=\count182
\@IEEEtrantmptoksA=\toks16
LaTeX Font Info:    Trying to load font information for TU+ptm on input line 834.
LaTeX Font Info:    No file TUptm.fd. on input line 834.


LaTeX Font Warning: Font shape `TU/ptm/m/n' undefined
(Font)              using `TU/lmr/m/n' instead on input line 834.

\@IEEEnormalsizefontbaselineskip=\skip48
-- This is a 9 point document.
\normalsizebaselineskip=\skip49
\normaljot=\skip50

LaTeX Font Warning: Font shape `TU/ptm/bx/n' undefined
(Font)              using `TU/ptm/m/n' instead on input line 1180.


LaTeX Font Warning: Font shape `TU/ptm/m/it' undefined
(Font)              using `TU/ptm/m/n' instead on input line 1180.


LaTeX Font Warning: Font shape `TU/ptm/bx/it' undefined
(Font)              using `TU/ptm/bx/n' instead on input line 1180.

\IEEEilabelindentA=\dimen143
\IEEEilabelindentB=\dimen144
\IEEEilabelindent=\dimen145
\IEEEelabelindent=\dimen146
\IEEEdlabelindent=\dimen147
\labelindent=\dimen148
\IEEEiednormlabelsep=\dimen149
\IEEEiedmathlabelsep=\dimen150
\IEEEiedtopsep=\skip51
\c@section=\count183
\c@subsection=\count184
\c@subsubsection=\count185
\c@paragraph=\count186
\c@IEEEsubequation=\count187
\abovecaptionskip=\skip52
\belowcaptionskip=\skip53
\figbox=\box51
\c@figure=\count188
\c@query=\count189
\c@qry=\count190
\c@nquery=\count191
\c@tquery=\count192
\c@equery=\count193
\c@eqry=\count194
\c@edquery=\count195
\c@etquery=\count196
\c@table=\count197
\@IEEEeqnnumcols=\count198
\@IEEEeqncolcnt=\count199
\firstpagerule=\skip54
\logowidth=\skip55
\@IEEEtmpitemindent=\dimen151
\c@biography=\count266
\c@edbiography=\count267
LaTeX Info: Redefining \sf on input line 4869.
\@IEEEtranrubishbin=\box52
) (./generic.sty) (d:/texlive/2023/texmf-dist/tex/latex/cite/cite.sty
LaTeX Info: Redefining \cite on input line 302.
LaTeX Info: Redefining \nocite on input line 332.
Package: cite 2015/02/27  v 5.5
) (d:/texlive/2023/texmf-dist/tex/latex/amsmath/amsmath.sty
Package: amsmath 2022/04/08 v2.17n AMS math features
\@mathmargin=\skip56

For additional information on amsmath, use the `?' option.
(d:/texlive/2023/texmf-dist/tex/latex/amsmath/amstext.sty
Package: amstext 2021/08/26 v2.01 AMS text
 (d:/texlive/2023/texmf-dist/tex/latex/amsmath/amsgen.sty
File: amsgen.sty 1999/11/30 v2.0 generic functions
\@emptytoks=\toks17
\ex@=\dimen152
)) (d:/texlive/2023/texmf-dist/tex/latex/amsmath/amsbsy.sty
Package: amsbsy 1999/11/29 v1.2d Bold Symbols
\pmbraise@=\dimen153
) (d:/texlive/2023/texmf-dist/tex/latex/amsmath/amsopn.sty
Package: amsopn 2022/04/08 v2.04 operator names
)
\inf@bad=\count268
LaTeX Info: Redefining \frac on input line 234.
\uproot@=\count269
\leftroot@=\count270
LaTeX Info: Redefining \overline on input line 399.
LaTeX Info: Redefining \colon on input line 410.
\classnum@=\count271
\DOTSCASE@=\count272
LaTeX Info: Redefining \ldots on input line 496.
LaTeX Info: Redefining \dots on input line 499.
LaTeX Info: Redefining \cdots on input line 620.
\Mathstrutbox@=\box53
\strutbox@=\box54
LaTeX Info: Redefining \big on input line 722.
LaTeX Info: Redefining \Big on input line 723.
LaTeX Info: Redefining \bigg on input line 724.
LaTeX Info: Redefining \Bigg on input line 725.
\big@size=\dimen154
LaTeX Font Info:    Redeclaring font encoding OML on input line 743.
LaTeX Font Info:    Redeclaring font encoding OMS on input line 744.
\macc@depth=\count273
LaTeX Info: Redefining \bmod on input line 905.
LaTeX Info: Redefining \pmod on input line 910.
LaTeX Info: Redefining \smash on input line 940.
LaTeX Info: Redefining \relbar on input line 970.
LaTeX Info: Redefining \Relbar on input line 971.
\c@MaxMatrixCols=\count274
\dotsspace@=\muskip16
\c@parentequation=\count275
\dspbrk@lvl=\count276
\tag@help=\toks18
\row@=\count277
\column@=\count278
\maxfields@=\count279
\andhelp@=\toks19
\eqnshift@=\dimen155
\alignsep@=\dimen156
\tagshift@=\dimen157
\tagwidth@=\dimen158
\totwidth@=\dimen159
\lineht@=\dimen160
\@envbody=\toks20
\multlinegap=\skip57
\multlinetaggap=\skip58
\mathdisplay@stack=\toks21
LaTeX Info: Redefining \[ on input line 2953.
LaTeX Info: Redefining \] on input line 2954.
) (d:/texlive/2023/texmf-dist/tex/latex/amsfonts/amssymb.sty
Package: amssymb 2013/01/14 v3.01 AMS font symbols
 (d:/texlive/2023/texmf-dist/tex/latex/amsfonts/amsfonts.sty
Package: amsfonts 2013/01/14 v3.01 Basic AMSFonts support
\symAMSa=\mathgroup4
\symAMSb=\mathgroup5
LaTeX Font Info:    Redeclaring math symbol \hbar on input line 98.
LaTeX Font Info:    Overwriting math alphabet `\mathfrak' in version `bold'
(Font)                  U/euf/m/n --> U/euf/b/n on input line 106.
)) (d:/texlive/2023/texmf-dist/tex/latex/algorithms/algorithmic.sty
Invalid UTF-8 byte or sequence at line 11 replaced by U+FFFD.
Package: algorithmic 2009/08/24 v0.1 Document Style `algorithmic'
 (d:/texlive/2023/texmf-dist/tex/latex/base/ifthen.sty
Package: ifthen 2022/04/13 v1.1d Standard LaTeX ifthen package (DPC)
) (d:/texlive/2023/texmf-dist/tex/latex/graphics/keyval.sty
Package: keyval 2022/05/29 v1.15 key=value parser (DPC)
\KV@toks@=\toks22
)
\c@ALC@unique=\count280
\c@ALC@line=\count281
\c@ALC@rem=\count282
\c@ALC@depth=\count283
\ALC@tlm=\skip59
\algorithmicindent=\skip60
) (d:/texlive/2023/texmf-dist/tex/latex/graphics/graphicx.sty
Package: graphicx 2021/09/16 v1.2d Enhanced LaTeX Graphics (DPC,SPQR)
 (d:/texlive/2023/texmf-dist/tex/latex/graphics/graphics.sty
Package: graphics 2022/03/10 v1.4e Standard LaTeX Graphics (DPC,SPQR)
 (d:/texlive/2023/texmf-dist/tex/latex/graphics/trig.sty
Package: trig 2021/08/11 v1.11 sin cos tan (DPC)
) (d:/texlive/2023/texmf-dist/tex/latex/graphics-cfg/graphics.cfg
File: graphics.cfg 2016/06/04 v1.11 sample graphics configuration
)
Package graphics Info: Driver file: xetex.def on input line 107.
)
\Gin@req@height=\dimen161
\Gin@req@width=\dimen162
) (d:/texlive/2023/texmf-dist/tex/latex/base/textcomp.sty
Package: textcomp 2020/02/02 v2.0n Standard LaTeX package
) (d:/texlive/2023/texmf-dist/tex/latex/l3backend/l3backend-xetex.def
File: l3backend-xetex.def 2023-01-16 L3 backend support: XeTeX
\g__graphics_track_int=\count284
\l__pdf_internal_box=\box55
\g__pdf_backend_object_int=\count285
\g__pdf_backend_annotation_int=\count286
\g__pdf_backend_link_int=\count287
)
No file generic-color-brief.aux.
\openout1 = `generic-color-brief.aux'.

LaTeX Font Info:    Checking defaults for OML/cmm/m/it on input line 12.
LaTeX Font Info:    ... okay on input line 12.
LaTeX Font Info:    Checking defaults for OMS/cmsy/m/n on input line 12.
LaTeX Font Info:    ... okay on input line 12.
LaTeX Font Info:    Checking defaults for OT1/cmr/m/n on input line 12.
LaTeX Font Info:    ... okay on input line 12.
LaTeX Font Info:    Checking defaults for T1/cmr/m/n on input line 12.
LaTeX Font Info:    ... okay on input line 12.
LaTeX Font Info:    Checking defaults for TS1/cmr/m/n on input line 12.
LaTeX Font Info:    Trying to load font information for TS1+cmr on input line 12.
(d:/texlive/2023/texmf-dist/tex/latex/base/ts1cmr.fd
File: ts1cmr.fd 2022/07/10 v2.5l Standard LaTeX font definitions
)
LaTeX Font Info:    ... okay on input line 12.
LaTeX Font Info:    Checking defaults for TU/lmr/m/n on input line 12.
LaTeX Font Info:    ... okay on input line 12.
LaTeX Font Info:    Checking defaults for OMX/cmex/m/n on input line 12.
LaTeX Font Info:    ... okay on input line 12.
LaTeX Font Info:    Checking defaults for U/cmr/m/n on input line 12.
LaTeX Font Info:    ... okay on input line 12.


LaTeX Font Warning: Font shape `TU/ptm/b/n' undefined
(Font)              using `TU/ptm/bx/n' instead on input line 12.


LaTeX Font Warning: Font shape `TU/ptm/b/it' undefined
(Font)              using `TU/ptm/bx/it' instead on input line 12.


LaTeX Font Warning: Font shape `TU/ptm/b/n' undefined
(Font)              using `TU/ptm/bx/n' instead on input line 12.


LaTeX Font Warning: Font shape `TU/ptm/b/it' undefined
(Font)              using `TU/ptm/bx/it' instead on input line 12.


LaTeX Font Warning: Font shape `TU/ptm/b/n' undefined
(Font)              using `TU/ptm/bx/n' instead on input line 12.


LaTeX Font Warning: Font shape `TU/ptm/b/it' undefined
(Font)              using `TU/ptm/bx/it' instead on input line 12.


LaTeX Font Warning: Font shape `TU/ptm/b/n' undefined
(Font)              using `TU/ptm/bx/n' instead on input line 12.


LaTeX Font Warning: Font shape `TU/ptm/b/it' undefined
(Font)              using `TU/ptm/bx/it' instead on input line 12.


LaTeX Font Warning: Font shape `TU/ptm/b/n' undefined
(Font)              using `TU/ptm/bx/n' instead on input line 12.


LaTeX Font Warning: Font shape `TU/ptm/b/it' undefined
(Font)              using `TU/ptm/bx/it' instead on input line 12.


LaTeX Font Warning: Font shape `TU/ptm/b/n' undefined
(Font)              using `TU/ptm/bx/n' instead on input line 12.


LaTeX Font Warning: Font shape `TU/ptm/b/it' undefined
(Font)              using `TU/ptm/bx/it' instead on input line 12.


LaTeX Font Warning: Font shape `TU/ptm/b/n' undefined
(Font)              using `TU/ptm/bx/n' instead on input line 12.


LaTeX Font Warning: Font shape `TU/ptm/b/it' undefined
(Font)              using `TU/ptm/bx/it' instead on input line 12.


LaTeX Font Warning: Font shape `TU/ptm/b/n' undefined
(Font)              using `TU/ptm/bx/n' instead on input line 12.


LaTeX Font Warning: Font shape `TU/ptm/b/it' undefined
(Font)              using `TU/ptm/bx/it' instead on input line 12.


LaTeX Font Warning: Font shape `TU/ptm/b/n' undefined
(Font)              using `TU/ptm/bx/n' instead on input line 12.


LaTeX Font Warning: Font shape `TU/ptm/b/it' undefined
(Font)              using `TU/ptm/bx/it' instead on input line 12.


LaTeX Font Warning: Font shape `TU/ptm/b/n' undefined
(Font)              using `TU/ptm/bx/n' instead on input line 12.


LaTeX Font Warning: Font shape `TU/ptm/b/it' undefined
(Font)              using `TU/ptm/bx/it' instead on input line 12.

Package color Info: Redefining color nblue on input line 32.
LaTeX Font Info:    Trying to load font information for TU+phv on input line 32.
LaTeX Font Info:    No file TUphv.fd. on input line 32.

LaTeX Font Warning: Font shape `TU/phv/m/n' undefined
(Font)              using `TU/lmr/m/n' instead on input line 32.


LaTeX Font Warning: Font shape `TU/phv/m/it' undefined
(Font)              using `TU/phv/m/n' instead on input line 32.

Package color Info: Redefining color nblue on input line 32.
LaTeX Font Info:    Trying to load font information for U+msa on input line 32.
(d:/texlive/2023/texmf-dist/tex/latex/amsfonts/umsa.fd
File: umsa.fd 2013/01/14 v3.01 AMS symbols A
)
LaTeX Font Info:    Trying to load font information for U+msb on input line 32.
 (d:/texlive/2023/texmf-dist/tex/latex/amsfonts/umsb.fd
File: umsb.fd 2013/01/14 v3.01 AMS symbols B
)
Package color Info: Redefining color nblue on input line 34.
Package color Info: Redefining color mblue on input line 34.


LaTeX Font Warning: Font shape `TU/phv/b/n' undefined
(Font)              using `TU/phv/m/n' instead on input line 34.


LaTeX Font Warning: Font shape `TU/phv/b/it' undefined
(Font)              using `TU/phv/b/n' instead on input line 34.

Package color Info: Redefining color nblue on input line 57.
Package color Info: Redefining color mblue on input line 57.

Underfull \hbox (badness 3514) in paragraph at lines 57--62
\TU/phv/b/it/9 order, separated by commas. For a list of suggested
 []


Overfull \hbox (12.11401pt too wide) in paragraph at lines 57--62
[]$
 []

LaTeX Font Info:    Trying to load font information for T1+phv on input line 64.
(d:/texlive/2023/texmf-dist/tex/latex/psnfss/t1phv.fd
File: t1phv.fd 2020/03/25 scalable font definitions for T1/phv.
)
Underfull \hbox (badness 1852) in paragraph at lines 66--75
\TU/phv/b/it/9 the electronic file, trans_jour.tex, from the IEEE Web
 []


Underfull \hbox (badness 10000) in paragraph at lines 66--75
\TU/phv/b/it/9 site at $[]$
 []


Underfull \hbox (badness 6047) in paragraph at lines 66--75
\TU/phv/b/it/9 so you can use it to prepare your manuscript. If
 []


Underfull \hbox (badness 10000) in paragraph at lines 66--75
\TU/phv/b/it/9 you would prefer to use LaTeX, download IEEE’s
 []


Underfull \hbox (badness 6708) in paragraph at lines 66--75
\TU/phv/b/it/9 LaTeX style and sample files from the same Web
 []


Underfull \hbox (badness 10000) in paragraph at lines 66--75
[]$
 []


Underfull \hbox (badness 10000) in paragraph at lines 66--75
[]$
 []


LaTeX Font Warning: Font shape `TU/ptm/b/n' undefined
(Font)              using `TU/ptm/bx/n' instead on input line 94.


LaTeX Warning: Reference `eq' on page 1 undefined on input line 94.


LaTeX Font Warning: Font shape `TU/ptm/b/n' undefined
(Font)              using `TU/ptm/bx/n' instead on input line 95.


LaTeX Warning: Reference `eq' on page 1 undefined on input line 95.


LaTeX Font Warning: Font shape `TU/ptm/b/n' undefined
(Font)              using `TU/ptm/bx/n' instead on input line 95.


LaTeX Warning: Reference `eq' on page 1 undefined on input line 95.


LaTeX Font Warning: Font shape `TU/ptm/b/n' undefined
(Font)              using `TU/ptm/bx/n' instead on input line 96.


LaTeX Warning: Reference `eq' on page 1 undefined on input line 96.


LaTeX Font Warning: Font shape `TU/ptm/b/n' undefined
(Font)              using `TU/ptm/bx/n' instead on input line 125.


LaTeX Warning: Reference `eq' on page 1 undefined on input line 125.


LaTeX Font Warning: Font shape `TU/ptm/b/n' undefined
(Font)              using `TU/ptm/bx/n' instead on input line 133.


LaTeX Warning: Reference `eq' on page 1 undefined on input line 133.


LaTeX Font Warning: Font shape `TU/ptm/b/n' undefined
(Font)              using `TU/ptm/bx/n' instead on input line 133.


LaTeX Warning: Reference `eq' on page 1 undefined on input line 133.


LaTeX Font Warning: Font shape `TU/ptm/b/n' undefined
(Font)              using `TU/ptm/bx/n' instead on input line 134.


LaTeX Warning: Reference `eq' on page 1 undefined on input line 134.


LaTeX Font Warning: Font shape `TU/ptm/b/n' undefined
(Font)              using `TU/ptm/bx/n' instead on input line 134.


LaTeX Warning: Reference `eq' on page 1 undefined on input line 134.

File: LOGO-generic-web.eps Graphic file (type eps)
<LOGO-generic-web.eps>

Overfull \hbox (259.0pt too wide) has occurred while \output is active
[][] 
 []


Overfull \hbox (12.0pt too wide) has occurred while \output is active
[] [] [] 
 []


Underfull \hbox (badness 10000) has occurred while \output is active
[]
 []


Overfull \vbox (22.62433pt too high) has occurred while \output is active []

 [1


]
LaTeX Font Info:    Trying to load font information for TU+pcr on input line 139.
LaTeX Font Info:    No file TUpcr.fd. on input line 139.


LaTeX Font Warning: Font shape `TU/pcr/m/n' undefined
(Font)              using `TU/lmr/m/n' instead on input line 139.


LaTeX Font Warning: Font shape `TU/ptm/m/sc' undefined
(Font)              using `TU/ptm/m/n' instead on input line 155.

LaTeX Font Info:    Calculating math sizes for size <8.5> on input line 180.

LaTeX Font Warning: Font shape `TU/pcr/m/it' undefined
(Font)              using `TU/pcr/m/n' instead on input line 182.

File: fig1.png Graphic file (type bmp)
<fig1.png>

Underfull \hbox (badness 10000) in paragraph at lines 239--240
[]\TU/ptm/m/sc/9 A general IEEE styleguide is available at
 []

\width=\dimen163

Overfull \hbox (2.616pt too wide) in paragraph at lines 271--271
[]\TU/phv/b/n/8 Symbol| 
 []


Underfull \hbox (badness 10000) in paragraph at lines 282--282
[]\TU/phv/b/n/8 magnetic field
 []


Underfull \hbox (badness 3746) in paragraph at lines 294--294
[]\TU/phv/b/n/8 specific magnetiza-
 []


Underfull \hbox (badness 10000) in paragraph at lines 300--300
[]\TU/phv/b/n/8 magnetic
 []


Underfull \hbox (badness 5091) in paragraph at lines 312--312
[]\TU/phv/b/n/8 relative permeabil-
 []


Underfull \hbox (badness 5133) in paragraph at lines 318--318
[]\TU/phv/b/n/8 demagnetizing fac-
 []


Overfull \hbox (5.0pt too wide) in paragraph at lines 269--329
[][]
 []


Overfull \vbox (2.369pt too high) has occurred while \output is active []

 [2]
Overfull \vbox (2.369pt too high) has occurred while \output is active []

 [3]

LaTeX Font Warning: Font shape `TU/ptm/b/n' undefined
(Font)              using `TU/ptm/bx/n' instead on input line 475.


LaTeX Warning: Reference `formats' on page 4 undefined on input line 475.


LaTeX Font Warning: Font shape `TU/ptm/b/n' undefined
(Font)              using `TU/ptm/bx/n' instead on input line 517.


LaTeX Warning: Citation `b3' on page 4 undefined on input line 517.


Overfull \vbox (2.369pt too high) has occurred while \output is active []

 [4]

LaTeX Font Warning: Font shape `TU/ptm/b/n' undefined
(Font)              using `TU/ptm/bx/n' instead on input line 549.


LaTeX Warning: Reference `table' on page 5 undefined on input line 549.


Underfull \hbox (badness 10000) in paragraph at lines 569--577
[]\TU/ptm/m/sc/9 Contributions to the Transactions, Journals, and
 []


Underfull \hbox (badness 1728) in paragraph at lines 569--577
\TU/ptm/m/sc/9 Letters may be submitted electronically on IEEE’s on-
 []


Underfull \hbox (badness 10000) in paragraph at lines 569--577
\TU/ptm/m/sc/9 line manuscript submission and peer-review system,
 []


Underfull \hbox (badness 6893) in paragraph at lines 569--577
\TU/ptm/m/sc/9 ScholarOne® Manuscripts. You can get a listing of
 []


Underfull \hbox (badness 10000) in paragraph at lines 569--577
\TU/ptm/m/sc/9 the publications that participate in ScholarOne at
 []


Underfull \hbox (badness 10000) in paragraph at lines 569--577
[]$
 []


Overfull \hbox (15.345pt too wide) in paragraph at lines 617--624
[]$
 []


Overfull \vbox (2.369pt too high) has occurred while \output is active []

 [5]

LaTeX Font Warning: Font shape `TU/ptm/b/n' undefined
(Font)              using `TU/ptm/bx/n' instead on input line 670.


LaTeX Warning: Citation `b1' on page 6 undefined on input line 670.


LaTeX Font Warning: Font shape `TU/ptm/b/n' undefined
(Font)              using `TU/ptm/bx/n' instead on input line 670.


LaTeX Warning: Citation `b2' on page 6 undefined on input line 670.


LaTeX Font Warning: Font shape `TU/ptm/b/n' undefined
(Font)              using `TU/ptm/bx/n' instead on input line 674.


LaTeX Warning: Citation `b3' on page 6 undefined on input line 674.


LaTeX Font Warning: Font shape `TU/ptm/b/n' undefined
(Font)              using `TU/ptm/bx/n' instead on input line 674.


LaTeX Warning: Citation `b5' on page 6 undefined on input line 674.


LaTeX Font Warning: Font shape `TU/ptm/b/n' undefined
(Font)              using `TU/ptm/bx/n' instead on input line 678.


LaTeX Warning: Citation `b6' on page 6 undefined on input line 678.


LaTeX Font Warning: Font shape `TU/ptm/b/n' undefined
(Font)              using `TU/ptm/bx/n' instead on input line 678.


LaTeX Warning: Citation `b7' on page 6 undefined on input line 678.


LaTeX Font Warning: Font shape `TU/ptm/b/n' undefined
(Font)              using `TU/ptm/bx/n' instead on input line 682.


LaTeX Warning: Citation `b8' on page 6 undefined on input line 682.


LaTeX Font Warning: Font shape `TU/ptm/b/n' undefined
(Font)              using `TU/ptm/bx/n' instead on input line 682.


LaTeX Warning: Citation `b9' on page 6 undefined on input line 682.


LaTeX Font Warning: Font shape `TU/ptm/b/n' undefined
(Font)              using `TU/ptm/bx/n' instead on input line 689.


LaTeX Warning: Citation `b10' on page 6 undefined on input line 689.


LaTeX Font Warning: Font shape `TU/ptm/b/n' undefined
(Font)              using `TU/ptm/bx/n' instead on input line 689.


LaTeX Warning: Citation `b13' on page 6 undefined on input line 689.


LaTeX Font Warning: Font shape `TU/ptm/b/n' undefined
(Font)              using `TU/ptm/bx/n' instead on input line 693.


LaTeX Warning: Citation `b14' on page 6 undefined on input line 693.


LaTeX Font Warning: Font shape `TU/ptm/b/n' undefined
(Font)              using `TU/ptm/bx/n' instead on input line 693.


LaTeX Warning: Citation `b16' on page 6 undefined on input line 693.


LaTeX Font Warning: Font shape `TU/ptm/b/n' undefined
(Font)              using `TU/ptm/bx/n' instead on input line 697.


LaTeX Warning: Citation `b17' on page 6 undefined on input line 697.


Underfull \hbox (badness 1590) in paragraph at lines 695--698
\TU/ptm/m/sc/9 brev. conference title. [Type of Medium]. Available:
 []


LaTeX Font Warning: Font shape `TU/ptm/b/n' undefined
(Font)              using `TU/ptm/bx/n' instead on input line 701.


LaTeX Warning: Citation `b18' on page 6 undefined on input line 701.


LaTeX Font Warning: Font shape `TU/ptm/b/n' undefined
(Font)              using `TU/ptm/bx/n' instead on input line 701.


LaTeX Warning: Citation `b19' on page 6 undefined on input line 701.


LaTeX Font Warning: Font shape `TU/ptm/b/n' undefined
(Font)              using `TU/ptm/bx/n' instead on input line 705.


LaTeX Font Warning: Font shape `TU/ptm/b/n' undefined
(Font)              using `TU/ptm/bx/n' instead on input line 706.


LaTeX Warning: Citation `b20' on page 6 undefined on input line 706.


LaTeX Font Warning: Font shape `TU/ptm/b/n' undefined
(Font)              using `TU/ptm/bx/n' instead on input line 710.


LaTeX Warning: Citation `b21' on page 6 undefined on input line 710.


Underfull \hbox (badness 2096) in paragraph at lines 708--711
\TU/ptm/m/sc/9 Name of the invention, by inventor’s name. (year,
 []


LaTeX Font Warning: Font shape `TU/ptm/b/n' undefined
(Font)              using `TU/ptm/bx/n' instead on input line 714.


LaTeX Warning: Citation `b22' on page 6 undefined on input line 714.


LaTeX Font Warning: Font shape `TU/ptm/b/n' undefined
(Font)              using `TU/ptm/bx/n' instead on input line 717.


LaTeX Warning: Citation `b23' on page 6 undefined on input line 717.


LaTeX Font Warning: Font shape `TU/ptm/b/n' undefined
(Font)              using `TU/ptm/bx/n' instead on input line 721.


LaTeX Warning: Citation `b24' on page 6 undefined on input line 721.


LaTeX Font Warning: Font shape `TU/ptm/b/n' undefined
(Font)              using `TU/ptm/bx/n' instead on input line 728.


LaTeX Warning: Citation `b25' on page 6 undefined on input line 728.


LaTeX Font Warning: Font shape `TU/ptm/b/n' undefined
(Font)              using `TU/ptm/bx/n' instead on input line 728.


LaTeX Warning: Citation `b26' on page 6 undefined on input line 728.


Underfull \hbox (badness 2608) in paragraph at lines 732--733
[]\TU/ptm/m/sc/9 J. K. Author, private communication, Abbrev.
 []


LaTeX Font Warning: Font shape `TU/ptm/b/n' undefined
(Font)              using `TU/ptm/bx/n' instead on input line 736.


LaTeX Warning: Citation `b27' on page 6 undefined on input line 736.


LaTeX Font Warning: Font shape `TU/ptm/b/n' undefined
(Font)              using `TU/ptm/bx/n' instead on input line 736.


LaTeX Warning: Citation `b29' on page 6 undefined on input line 736.


LaTeX Font Warning: Font shape `TU/ptm/b/n' undefined
(Font)              using `TU/ptm/bx/n' instead on input line 743.


LaTeX Warning: Citation `b30' on page 6 undefined on input line 743.


LaTeX Font Warning: Font shape `TU/ptm/b/n' undefined
(Font)              using `TU/ptm/bx/n' instead on input line 743.


LaTeX Warning: Citation `b31' on page 6 undefined on input line 743.


LaTeX Font Warning: Font shape `TU/ptm/b/n' undefined
(Font)              using `TU/ptm/bx/n' instead on input line 746.


LaTeX Warning: Citation `b32' on page 6 undefined on input line 746.


LaTeX Font Warning: Font shape `TU/ptm/b/n' undefined
(Font)              using `TU/ptm/bx/n' instead on input line 746.


LaTeX Warning: Citation `b33' on page 6 undefined on input line 746.


LaTeX Font Warning: Font shape `TU/ptm/b/n' undefined
(Font)              using `TU/ptm/bx/n' instead on input line 749.


LaTeX Warning: Citation `b34' on page 6 undefined on input line 749.


Overfull \vbox (2.369pt too high) has occurred while \output is active []

 [6]
Underfull \hbox (badness 10000) in paragraph at lines 783--786
[]\TU/phv/b/n/8 The Terahertz Wave eBook. ZOmega Ter-
 []


Underfull \hbox (badness 10000) in paragraph at lines 783--786
\TU/phv/b/n/8 ahertz Corp., 2014. [Online]. Available:
 []


Underfull \hbox (badness 10000) in paragraph at lines 783--786
[]$\TU/phv/b/n/8 .
 []


Underfull \hbox (badness 6252) in paragraph at lines 787--791
\TU/phv/b/n/8 1987, Accessed on: Feb. 28, 2010, [Online] Available:
 []


Underfull \hbox (badness 3009) in paragraph at lines 803--804
[]\TU/phv/b/n/8 R. J. Hijmans and J. van Etten, “Raster: Geographic
 []


Underfull \hbox (badness 6608) in paragraph at lines 803--804
\TU/phv/b/n/8 analysis and modeling with raster data,” R Package
 []


Underfull \hbox (badness 10000) in paragraph at lines 803--804
\TU/phv/b/n/8 Version 2.0-12, Jan. 12, 2012. [Online]. Available:
 []


Overfull \hbox (18.54001pt too wide) in paragraph at lines 805--808
[]$\TU/phv/b/n/8 ,
 []


Overfull \vbox (2.369pt too high) has occurred while \output is active []

 [7] (./generic-color-brief.aux)

LaTeX Font Warning: Some font shapes were not available, defaults substituted.


LaTeX Warning: There were undefined references.


LaTeX Warning: Label(s) may have changed. Rerun to get cross-references right.

 ) 
Here is how much of TeX's memory you used:
 3475 strings out of 476683
 54296 string characters out of 5807574
 1881012 words of memory out of 5000000
 23677 multiletter control sequences out of 15000+600000
 533256 words of font info for 87 fonts, out of 8000000 for 9000
 1348 hyphenation exceptions out of 8191
 55i,19n,64p,640b,423s stack positions out of 10000i,1000n,20000p,200000b,200000s

Output written on generic-color-brief.pdf (7 pages).
